<?xml version="1.0" encoding="UTF-8"?>
<!-- Generated by org.testng.reporters.JUnitXMLReporter -->
<testsuite ignored="0" hostname="LAPTOP-8TP6OQIJ" failures="1" tests="2" name="Test" time="14.601" errors="0" timestamp="2022-08-30T08:30:22 IST">
  <testcase classname="TestCases.VerifyLoginTestCase" name="login" time="0.477"/>
  <testcase classname="TestCases.VerifySignUpTestCase" name="SignUp" time="5.688">
    <failure type="java.lang.AssertionError" message="The following asserts failed:
	expected [Free CRM Tria: Salesforce 30-Day Trial - Salesforce IN] but found [Free CRM Trial: Salesforce 30-Day Trial - Salesforce IN]">
      <![CDATA[java.lang.AssertionError: The following asserts failed:
expected [Free CRM Tria: Salesforce 30-Day Trial - Salesforce IN] but found [Free CRM Trial: Salesforce 30-Day Trial - Salesforce IN]
at Resources.commonUtilities.handleAssertions(commonUtilities.java:22)
at TestCases.VerifySignUpTestCase.SignUp(VerifySignUpTestCase.java:28)
at java.base/java.util.ArrayList.forEach(ArrayList.java:1511)
... Removed 29 stack frames]]>
    </failure>
  </testcase> <!-- SignUp -->
</testsuite> <!-- Test -->
